<?xml version="1.0" encoding="UTF-8"?>
<!-- Generated by org.testng.reporters.JUnitXMLReporter -->
<testsuite hostname="DESKTOP-7BLU4QM" name="Default test" tests="4" failures="0" timestamp="10 Aug 2019 11:15:03 GMT" time="24.773" errors="0">
  <testcase name="validateRegpage" time="17.516" classname="com.Vcentry.tnstc.testcases.RegPageTest"/>
  <testcase name="validateRegpage" time="1.137" classname="com.Vcentry.tnstc.testcases.RegPageTest"/>
  <testcase name="validateRegpage" time="0.979" classname="com.Vcentry.tnstc.testcases.RegPageTest"/>
  <testcase name="validateRegpage" time="0.953" classname="com.Vcentry.tnstc.testcases.RegPageTest"/>
</testsuite> <!-- Default test -->
