<?xml version="1.0" encoding="UTF-8"?>
<testng-results skipped="0" failed="0" total="4" passed="4">
  <reporter-output>
  </reporter-output>
  <suite name="Default suite" duration-ms="24773" started-at="2019-08-10T11:14:38Z" finished-at="2019-08-10T11:15:03Z">
    <groups>
    </groups>
    <test name="Default test" duration-ms="24773" started-at="2019-08-10T11:14:38Z" finished-at="2019-08-10T11:15:03Z">
      <class name="com.Vcentry.tnstc.testcases.RegPageTest">
        <test-method status="PASS" signature="validateRegpage(java.lang.String, java.lang.String, java.lang.String, java.lang.String, java.lang.String, java.lang.String)[pri:0, instance:com.Vcentry.tnstc.testcases.RegPageTest@6e8dacdf]" name="validateRegpage" duration-ms="17516" started-at="2019-08-10T16:44:40Z" data-provider="RegPageTest" finished-at="2019-08-10T16:44:57Z">
          <params>
            <param index="0">
              <value>
                <![CDATA[RegPageTest_DataSet2]]>
              </value>
            </param>
            <param index="1">
              <value>
                <![CDATA[Vcentrya]]>
              </value>
            </param>
            <param index="2">
              <value>
                <![CDATA[123]]>
              </value>
            </param>
            <param index="3">
              <value>
                <![CDATA[123]]>
              </value>
            </param>
            <param index="4">
              <value>
                <![CDATA[High school name?]]>
              </value>
            </param>
            <param index="5">
              <value>
                <![CDATA[Sedan]]>
              </value>
            </param>
          </params>
          <reporter-output>
          </reporter-output>
        </test-method> <!-- validateRegpage -->
        <test-method status="PASS" signature="teardown(org.testng.ITestResult)[pri:0, instance:com.Vcentry.tnstc.testcases.RegPageTest@6e8dacdf]" name="teardown" is-config="true" duration-ms="1575" started-at="2019-08-10T16:44:57Z" finished-at="2019-08-10T16:44:59Z">
          <params>
            <param index="0">
              <value>
                <![CDATA[[TestResult name=validateRegpage status=SUCCESS method=RegPageTest.validateRegpage(java.lang.String, java.lang.String, java.lang.String, java.lang.String, java.lang.String, java.lang.String)[pri:0, instance:com.Vcentry.tnstc.testcases.RegPageTest@6e8dacdf] output={null}]]]>
              </value>
            </param>
          </params>
          <reporter-output>
          </reporter-output>
        </test-method> <!-- teardown -->
        <test-method status="PASS" signature="validateRegpage(java.lang.String, java.lang.String, java.lang.String, java.lang.String, java.lang.String, java.lang.String)[pri:0, instance:com.Vcentry.tnstc.testcases.RegPageTest@6e8dacdf]" name="validateRegpage" duration-ms="1137" started-at="2019-08-10T16:44:59Z" data-provider="RegPageTest" finished-at="2019-08-10T16:45:00Z">
          <params>
            <param index="0">
              <value>
                <![CDATA[RegPageTest_DataSet3]]>
              </value>
            </param>
            <param index="1">
              <value>
                <![CDATA[Vcentryb]]>
              </value>
            </param>
            <param index="2">
              <value>
                <![CDATA[123]]>
              </value>
            </param>
            <param index="3">
              <value>
                <![CDATA[123]]>
              </value>
            </param>
            <param index="4">
              <value>
                <![CDATA[High school name?]]>
              </value>
            </param>
            <param index="5">
              <value>
                <![CDATA[Sedan]]>
              </value>
            </param>
          </params>
          <reporter-output>
          </reporter-output>
        </test-method> <!-- validateRegpage -->
        <test-method status="PASS" signature="teardown(org.testng.ITestResult)[pri:0, instance:com.Vcentry.tnstc.testcases.RegPageTest@6e8dacdf]" name="teardown" is-config="true" duration-ms="341" started-at="2019-08-10T16:45:00Z" finished-at="2019-08-10T16:45:00Z">
          <params>
            <param index="0">
              <value>
                <![CDATA[[TestResult name=validateRegpage status=SUCCESS method=RegPageTest.validateRegpage(java.lang.String, java.lang.String, java.lang.String, java.lang.String, java.lang.String, java.lang.String)[pri:0, instance:com.Vcentry.tnstc.testcases.RegPageTest@6e8dacdf] output={null}]]]>
              </value>
            </param>
          </params>
          <reporter-output>
          </reporter-output>
        </test-method> <!-- teardown -->
        <test-method status="PASS" signature="validateRegpage(java.lang.String, java.lang.String, java.lang.String, java.lang.String, java.lang.String, java.lang.String)[pri:0, instance:com.Vcentry.tnstc.testcases.RegPageTest@6e8dacdf]" name="validateRegpage" duration-ms="979" started-at="2019-08-10T16:45:00Z" data-provider="RegPageTest" finished-at="2019-08-10T16:45:01Z">
          <params>
            <param index="0">
              <value>
                <![CDATA[RegPageTest_DataSet4]]>
              </value>
            </param>
            <param index="1">
              <value>
                <![CDATA[Vcentryc]]>
              </value>
            </param>
            <param index="2">
              <value>
                <![CDATA[123]]>
              </value>
            </param>
            <param index="3">
              <value>
                <![CDATA[123]]>
              </value>
            </param>
            <param index="4">
              <value>
                <![CDATA[High school name?]]>
              </value>
            </param>
            <param index="5">
              <value>
                <![CDATA[Sedan]]>
              </value>
            </param>
          </params>
          <reporter-output>
          </reporter-output>
        </test-method> <!-- validateRegpage -->
        <test-method status="PASS" signature="teardown(org.testng.ITestResult)[pri:0, instance:com.Vcentry.tnstc.testcases.RegPageTest@6e8dacdf]" name="teardown" is-config="true" duration-ms="288" started-at="2019-08-10T16:45:01Z" finished-at="2019-08-10T16:45:02Z">
          <params>
            <param index="0">
              <value>
                <![CDATA[[TestResult name=validateRegpage status=SUCCESS method=RegPageTest.validateRegpage(java.lang.String, java.lang.String, java.lang.String, java.lang.String, java.lang.String, java.lang.String)[pri:0, instance:com.Vcentry.tnstc.testcases.RegPageTest@6e8dacdf] output={null}]]]>
              </value>
            </param>
          </params>
          <reporter-output>
          </reporter-output>
        </test-method> <!-- teardown -->
        <test-method status="PASS" signature="validateRegpage(java.lang.String, java.lang.String, java.lang.String, java.lang.String, java.lang.String, java.lang.String)[pri:0, instance:com.Vcentry.tnstc.testcases.RegPageTest@6e8dacdf]" name="validateRegpage" duration-ms="953" started-at="2019-08-10T16:45:02Z" data-provider="RegPageTest" finished-at="2019-08-10T16:45:03Z">
          <params>
            <param index="0">
              <value>
                <![CDATA[RegPageTest_DataSet5]]>
              </value>
            </param>
            <param index="1">
              <value>
                <![CDATA[Vcentryd]]>
              </value>
            </param>
            <param index="2">
              <value>
                <![CDATA[123]]>
              </value>
            </param>
            <param index="3">
              <value>
                <![CDATA[123]]>
              </value>
            </param>
            <param index="4">
              <value>
                <![CDATA[High school name?]]>
              </value>
            </param>
            <param index="5">
              <value>
                <![CDATA[Sedan]]>
              </value>
            </param>
          </params>
          <reporter-output>
          </reporter-output>
        </test-method> <!-- validateRegpage -->
        <test-method status="PASS" signature="teardown(org.testng.ITestResult)[pri:0, instance:com.Vcentry.tnstc.testcases.RegPageTest@6e8dacdf]" name="teardown" is-config="true" duration-ms="283" started-at="2019-08-10T16:45:03Z" finished-at="2019-08-10T16:45:03Z">
          <params>
            <param index="0">
              <value>
                <![CDATA[[TestResult name=validateRegpage status=SUCCESS method=RegPageTest.validateRegpage(java.lang.String, java.lang.String, java.lang.String, java.lang.String, java.lang.String, java.lang.String)[pri:0, instance:com.Vcentry.tnstc.testcases.RegPageTest@6e8dacdf] output={null}]]]>
              </value>
            </param>
          </params>
          <reporter-output>
          </reporter-output>
        </test-method> <!-- teardown -->
      </class> <!-- com.Vcentry.tnstc.testcases.RegPageTest -->
    </test> <!-- Default test -->
  </suite> <!-- Default suite -->
</testng-results>
